Arguments: 
  /usr/bin/nodejs /usr/share/yarn/bin/yarn.js

PATH: 
  /mnt/c/Sources/bin:/home/brandon/.local/bin:/usr/local/sbin:/usr/local/bin:/usr/sbin:/usr/bin:/sbin:/bin:/usr/games:/usr/local/games:/mnt/c/Program Files/ConEmu:/mnt/c/Program Files/ConEmu/ConEmu:/mnt/c/Python27:/mnt/c/Python27/Scripts:/mnt/c/Python36/Scripts:/mnt/c/Python36:/mnt/c/ProgramData/Oracle/Java/javapath_target_214964812:/mnt/c/Program Files (x86)/NVIDIA Corporation/PhysX/Common:/mnt/c/Program Files (x86)/Razer Chroma SDK/bin:/mnt/c/Program Files/Razer Chroma SDK/bin:/mnt/c/Windows/System32:/mnt/c/Windows:/mnt/c/Windows/System32/wbem:/mnt/c/Windows/System32/WindowsPowerShell/v1.0:/mnt/c/Users/brand/AppData/Local/Microsoft/WindowsApps:/mnt/c/Windows/System32:/mnt/c/Windows:/mnt/c/Windows/System32/wbem:/mnt/c/Windows/System32/WindowsPowerShell/v1.0:/mnt/c/ProgramData/Chocolatey/bin:/mnt/c/Program Files/Git/cmd:/mnt/c/Program Files/nodejs:/mnt/c/Program Files (x86)/Windows Kits/10/Windows Performance Toolkit:/mnt/c/Users/brand/AppData/Local/Microsoft/WindowsApps:/mnt/c/Program Files (x86)/Nmap:/mnt/c/Users/brand/AppData/Local/atom/bin:/mnt/c/Users/brand/AppData/Local/Microsoft/WindowsApps:/mnt/c/Program Files (x86)/Microsoft VS Code/bin:/mnt/c/Users/brand/AppData/Roaming/npm

Yarn version: 
  0.24.5

Node version: 
  6.10.3

Platform: 
  linux x64

npm manifest: 
  {
    "name": "LightTabApp",
    "version": "1.0.0",
    "description": "Provides the UI for Lighttab",
    "author": "Brandon Bakker <brandon@bdmd.com.au>",
    "main": "src/index.js",
    "dependencies": {
      "babel-core": "^6.4.5",
      "babel-loader": "^6.2.1",
      "babel-preset-es2015": "^6.3.13",
      "babel-preset-react": "^6.3.13",
      "classnames": "^2.2.3",
      "lodash": "^4.x",
      "react": "^15.3.0",
      "react-addons-css-transition-group": "^15.3.0",
      "react-dom": "^15.3.0",
      "react-redux": "5.0.x",
      "react-tappable": "^0.8.3",
      "redux": "3.6.x",
      "rheostat": "^2.1.0",
      "socket.io-client": "1.7.x",
      "styled-jsx": "^1.0.3",
      "webpack": "^1.12.12",
      "webpack-dev-server": "^1.14.1"
    },
    "devDependencies": {
      "babel-plugin-transform-class-properties": "^6.23.0",
      "babel-plugin-transform-decorators-legacy": "^1.3.4",
      "babel-preset-react-hmre": "^1.0.1",
      "babel-preset-stage-2": "^6.22.0",
      "css-loader": "^0.23.1",
      "elementtree": "^0.1.6",
      "replace": "^0.3.0",
      "style-loader": "^0.13.0",
      "webpack-merge": "^0.7.3"
    },
    "scripts": {
      "android": "cordova run android",
      "ios": "cordova run ios",
      "prepare": "node config && webpack && cordova prepare",
      "build": "node config && webpack && phonegap build",
      "start": "node config && webpack-dev-server  --host 0.0.0.0",
      "startLaptop": "node config && webpack-dev-server --host 10.0.0.86",
      "test": "echo \"No tests (yet!) -- submit a PR?\" && exit 0"
    },
    "keywords": [],
    "license": "none specified"
  }

yarn manifest: 
  No manifest

Lockfile: 
  No lockfile

Trace: 
  Error: ENOTEMPTY: directory not empty, rmdir '/mnt/c/Sources/lighttabapp/node_modules/node_modules/ansi-regex'
      at Error (native)
